# JRE version: Java(TM) SE Runtime Environment (8.0_66-b17) (build 1.8.0_66-b17)
# Java VM: Java HotSpot(TM) Client VM (25.66-b17 mixed mode windows-x86 )
Heap:
 def new generation   total 39424K, used 31482K [0x0f200000, 0x11cc0000, 0x19ca0000)
  eden space 35072K,  83% used [0x0f200000, 0x10eac758, 0x11440000)
  from space 4352K,  48% used [0x11880000, 0x11a92140, 0x11cc0000)
  to   space 4352K,   0% used [0x11440000, 0x11440000, 0x11880000)
 tenured generation   total 87424K, used 33405K [0x19ca0000, 0x1f200000, 0x2f200000)
   the space 87424K,  38% used [0x19ca0000, 0x1bd3f440, 0x1bd3f600, 0x1f200000)
 Metaspace       used 18618K, capacity 19054K, committed 19072K, reserved 19840K
GC Heap History (10 events):
Event: 2.368 GC heap before
{Heap before GC invocations=3 (full 1):
 def new generation   total 39424K, used 33615K [0x0f200000, 0x11cc0000, 0x19ca0000)
  eden space 35072K,  95% used [0x0f200000, 0x112d3f18, 0x11440000)
  from space 4352K,   0% used [0x11440000, 0x11440000, 0x11880000)
  to   space 4352K,   0% used [0x11880000, 0x11880000, 0x11cc0000)
 tenured generation   total 87424K, used 11195K [0x19ca0000, 0x1f200000, 0x2f200000)
   the space 87424K,  12% used [0x19ca0000, 0x1a78ef50, 0x1a78f000, 0x1f200000)
 Metaspace       used 17235K, capacity 17647K, committed 17664K, reserved 17792K
Event: 2.378 GC heap after
Heap after GC invocations=4 (full 1):
 def new generation   total 39424K, used 4352K [0x0f200000, 0x11cc0000, 0x19ca0000)
  eden space 35072K,   0% used [0x0f200000, 0x0f200000, 0x11440000)
  from space 4352K, 100% used [0x11880000, 0x11cc0000, 0x11cc0000)
  to   space 4352K,   0% used [0x11440000, 0x11440000, 0x11880000)
 tenured generation   total 87424K, used 12988K [0x19ca0000, 0x1f200000, 0x2f200000)
   the space 87424K,  14% used [0x19ca0000, 0x1a94f038, 0x1a94f200, 0x1f200000)
 Metaspace       used 17235K, capacity 17647K, committed 17664K, reserved 17792K
}
Event: 66.938 GC heap before
{Heap before GC invocations=4 (full 1):
 def new generation   total 39424K, used 39424K [0x0f200000, 0x11cc0000, 0x19ca0000)
  eden space 35072K, 100% used [0x0f200000, 0x11440000, 0x11440000)
  from space 4352K, 100% used [0x11880000, 0x11cc0000, 0x11cc0000)
  to   space 4352K,   0% used [0x11440000, 0x11440000, 0x11880000)
 tenured generation   total 87424K, used 12988K [0x19ca0000, 0x1f200000, 0x2f200000)
   the space 87424K,  14% used [0x19ca0000, 0x1a94f038, 0x1a94f200, 0x1f200000)
 Metaspace       used 18138K, capacity 18546K, committed 18560K, reserved 18816K
Event: 66.949 GC heap after
Heap after GC invocations=5 (full 1):
 def new generation   total 39424K, used 4352K [0x0f200000, 0x11cc0000, 0x19ca0000)
  eden space 35072K,   0% used [0x0f200000, 0x0f200000, 0x11440000)
  from space 4352K, 100% used [0x11440000, 0x11880000, 0x11880000)
  to   space 4352K,   0% used [0x11880000, 0x11880000, 0x11cc0000)
 tenured generation   total 87424K, used 23864K [0x19ca0000, 0x1f200000, 0x2f200000)
   the space 87424K,  27% used [0x19ca0000, 0x1b3ee0c8, 0x1b3ee200, 0x1f200000)
 Metaspace       used 18138K, capacity 18546K, committed 18560K, reserved 18816K
}
Event: 186.995 GC heap before
{Heap before GC invocations=5 (full 1):
 def new generation   total 39424K, used 39424K [0x0f200000, 0x11cc0000, 0x19ca0000)
  eden space 35072K, 100% used [0x0f200000, 0x11440000, 0x11440000)
  from space 4352K, 100% used [0x11440000, 0x11880000, 0x11880000)
  to   space 4352K,   0% used [0x11880000, 0x11880000, 0x11cc0000)
 tenured generation   total 87424K, used 23864K [0x19ca0000, 0x1f200000, 0x2f200000)
   the space 87424K,  27% used [0x19ca0000, 0x1b3ee0c8, 0x1b3ee200, 0x1f200000)
 Metaspace       used 18604K, capacity 19051K, committed 19072K, reserved 19840K
Event: 187.017 GC heap after
Heap after GC invocations=6 (full 1):
 def new generation   total 39424K, used 3577K [0x0f200000, 0x11cc0000, 0x19ca0000)
  eden space 35072K,   0% used [0x0f200000, 0x0f200000, 0x11440000)
  from space 4352K,  82% used [0x11880000, 0x11bfe738, 0x11cc0000)
  to   space 4352K,   0% used [0x11440000, 0x11440000, 0x11880000)
 tenured generation   total 87424K, used 29908K [0x19ca0000, 0x1f200000, 0x2f200000)
   the space 87424K,  34% used [0x19ca0000, 0x1b9d51b8, 0x1b9d5200, 0x1f200000)
 Metaspace       used 18604K, capacity 19051K, committed 19072K, reserved 19840K
}
Event: 400.194 GC heap before
{Heap before GC invocations=6 (full 1):
 def new generation   total 39424K, used 38649K [0x0f200000, 0x11cc0000, 0x19ca0000)
  eden space 35072K, 100% used [0x0f200000, 0x11440000, 0x11440000)
  from space 4352K,  82% used [0x11880000, 0x11bfe738, 0x11cc0000)
  to   space 4352K,   0% used [0x11440000, 0x11440000, 0x11880000)
 tenured generation   total 87424K, used 29908K [0x19ca0000, 0x1f200000, 0x2f200000)
   the space 87424K,  34% used [0x19ca0000, 0x1b9d51b8, 0x1b9d5200, 0x1f200000)
 Metaspace       used 18604K, capacity 19051K, committed 19072K, reserved 19840K
Event: 400.199 GC heap after
Heap after GC invocations=7 (full 1):
 def new generation   total 39424K, used 5K [0x0f200000, 0x11cc0000, 0x19ca0000)
  eden space 35072K,   0% used [0x0f200000, 0x0f200000, 0x11440000)
  from space 4352K,   0% used [0x11440000, 0x11441728, 0x11880000)
  to   space 4352K,   0% used [0x11880000, 0x11880000, 0x11cc0000)
 tenured generation   total 87424K, used 33405K [0x19ca0000, 0x1f200000, 0x2f200000)
   the space 87424K,  38% used [0x19ca0000, 0x1bd3f440, 0x1bd3f600, 0x1f200000)
 Metaspace       used 18604K, capacity 19051K, committed 19072K, reserved 19840K
}
Event: 806.683 GC heap before
{Heap before GC invocations=7 (full 1):
 def new generation   total 39424K, used 35077K [0x0f200000, 0x11cc0000, 0x19ca0000)
  eden space 35072K, 100% used [0x0f200000, 0x11440000, 0x11440000)
  from space 4352K,   0% used [0x11440000, 0x11441728, 0x11880000)
  to   space 4352K,   0% used [0x11880000, 0x11880000, 0x11cc0000)
 tenured generation   total 87424K, used 33405K [0x19ca0000, 0x1f200000, 0x2f200000)
   the space 87424K,  38% used [0x19ca0000, 0x1bd3f440, 0x1bd3f600, 0x1f200000)
 Metaspace       used 18604K, capacity 19051K, committed 19072K, reserved 19840K
Event: 806.689 GC heap after
Heap after GC invocations=8 (full 1):
 def new generation   total 39424K, used 2120K [0x0f200000, 0x11cc0000, 0x19ca0000)
  eden space 35072K,   0% used [0x0f200000, 0x0f200000, 0x11440000)
  from space 4352K,  48% used [0x11880000, 0x11a92140, 0x11cc0000)
  to   space 4352K,   0% used [0x11440000, 0x11440000, 0x11880000)
 tenured generation   total 87424K, used 33405K [0x19ca0000, 0x1f200000, 0x2f200000)
   the space 87424K,  38% used [0x19ca0000, 0x1bd3f440, 0x1bd3f600, 0x1f200000)
 Metaspace       used 18604K, capacity 19051K, committed 19072K, reserved 19840K
}

